#
# There is insufficient memory for the Java Runtime Environment to continue.
# Native memory allocation (mmap) failed to map 130023424 bytes for G1 virtual space
# Possible reasons:
#   The system is out of physical RAM or swap space
#   The process is running with CompressedOops enabled, and the Java Heap may be blocking the growth of the native heap
# Possible solutions:
#   Reduce memory load on the system
#   Increase physical memory or swap space
#   Check if swap backing store is full
#   Decrease Java heap size (-Xmx/-Xms)
#   Decrease number of Java threads
#   Decrease Java thread stack sizes (-Xss)
#   Set larger code cache with -XX:ReservedCodeCacheSize=
#   JVM is running with Unscaled Compressed Oops mode in which the Java heap is
#     placed in the first 4GB address space. The Java Heap base address is the
#     maximum limit for the native heap growth. Please use -XX:HeapBaseMinAddress
#     to set the Java Heap base and to place the Java Heap above 4GB virtual address.
# This output file may be truncated or incomplete.
#
#  Out of Memory Error (os_windows.cpp:3528), pid=148800, tid=153708
#
# JRE version:  (20.0.2+9) (build )
# Java VM: Java HotSpot(TM) 64-Bit Server VM (20.0.2+9-78, mixed mode, sharing, tiered, compressed oops, compressed class ptrs, g1 gc, windows-amd64)
# No core dump will be written. Minidumps are not enabled by default on client versions of Windows
#

---------------  S U M M A R Y ------------

Command Line: -Dfile.encoding=UTF-8 -XX:+ShowCodeDetailsInExceptionMessages Program1

Host: 11th Gen Intel(R) Core(TM) i3-1125G4 @ 2.00GHz, 8 cores, 7G,  Windows 11 , 64 bit Build 26100 (10.0.26100.4202)
Time: Mon Jul 21 20:25:28 2025 India Standard Time elapsed time: 1.220118 seconds (0d 0h 0m 1s)

---------------  T H R E A D  ---------------

Current thread (0x00000211ab6ab520):  JavaThread "Unknown thread" [_thread_in_vm, id=153708, stack(0x00000088ad400000,0x00000088ad500000)]

Stack: [0x00000088ad400000,0x00000088ad500000]
Native frames: (J=compiled Java code, j=interpreted, Vv=VM code, C=native code)
V  [jvm.dll+0x6bc25a]
V  [jvm.dll+0x84971a]
V  [jvm.dll+0x84b315]
V  [jvm.dll+0x84ba13]
V  [jvm.dll+0x280e4f]
V  [jvm.dll+0x6b8fe9]
V  [jvm.dll+0x6adbca]
V  [jvm.dll+0x35b165]
V  [jvm.dll+0x363386]
V  [jvm.dll+0x3b400e]
V  [jvm.dll+0x3b4295]
V  [jvm.dll+0x32b86a]
V  [jvm.dll+0x32c68b]
V  [jvm.dll+0x8123df]
V  [jvm.dll+0x3c1261]
V  [jvm.dll+0x7fe103]
V  [jvm.dll+0x44ccaf]
V  [jvm.dll+0x44e621]
C  [jli.dll+0x5287]
C  [ucrtbase.dll+0x37b0]
C  [KERNEL32.DLL+0x2e8d7]
C  [ntdll.dll+0x3c34c]


---------------  P R O C E S S  ---------------

Threads class SMR info:
_java_thread_list=0x00007ffb01b0b118, length=0, elements={
}

Java Threads: ( => current thread )

Other Threads:
  0x00000211ab70bc20 WorkerThread "GC Thread#0" [stack: 0x00000088ad500000,0x00000088ad600000] [id=146952]
  0x00000211ab71c240 ConcurrentGCThread "G1 Main Marker" [stack: 0x00000088ad600000,0x00000088ad700000] [id=155260]
  0x00000211ab71f7a0 WorkerThread "G1 Conc#0" [stack: 0x00000088ad700000,0x00000088ad800000] [id=143556]

[error occurred during error reporting (printing all threads), id 0xc0000005, EXCEPTION_ACCESS_VIOLATION (0xc0000005) at pc=0x00007ffb012eeea7]
VM state: not at safepoint (not fully initialized)

VM Mutex/Monitor currently owned by a thread:  ([mutex/lock_event])
[0x00000211ab6aa070] Heap_lock - owner thread: 0x00000211ab6ab520

Heap address: 0x0000000084000000, size: 1984 MB, Compressed Oops mode: 32-bit

CDS archive(s) mapped at: [0x0000000000000000-0x0000000000000000-0x0000000000000000), size 0, SharedBaseAddress: 0x0000000800000000, ArchiveRelocationMode: 1.
Narrow klass base: 0x0000000000000000, Narrow klass shift: 0, Narrow klass range: 0x0

GC Precious Log:
 CardTable entry size: 512
 Card Set container configuration: InlinePtr #cards 5 size 8 Array Of Cards #cards 12 size 40 Howl #buckets 4 coarsen threshold 1843 Howl Bitmap #cards 512 size 80 coarsen threshold 460 Card regions per heap region 1 cards per card region 2048

Heap:
 garbage-first heap   total 0K, used 0K [0x0000000084000000, 0x0000000100000000)
  region size 1024K, 0 young (0K), 0 survivors (0K)

[error occurred during error reporting (printing heap information), id 0xc0000005, EXCEPTION_ACCESS_VIOLATION (0xc0000005) at pc=0x00007ffb016c47b9]
GC Heap History (0 events):
No events

Dll operation events (1 events):
Event: 0.051 Loaded shared library C:\Program Files\Java\jdk-20\bin\java.dll

Deoptimization events (0 events):
No events

Classes loaded (0 events):
No events

Classes unloaded (0 events):
No events

Classes redefined (0 events):
No events

Internal exceptions (0 events):
No events

VM Operations (0 events):
No events

Events (0 events):
No events


Dynamic libraries:
0x00007ff655190000 - 0x00007ff6551a0000 	C:\Program Files\Java\jdk-20\bin\javaw.exe
0x00007ffb7c460000 - 0x00007ffb7c6c5000 	C:\WINDOWS\SYSTEM32\ntdll.dll
0x00007ffb7b400000 - 0x00007ffb7b4c9000 	C:\WINDOWS\System32\KERNEL32.DLL
0x00007ffb799d0000 - 0x00007ffb79db8000 	C:\WINDOWS\System32\KERNELBASE.dll
0x00007ffb795b0000 - 0x00007ffb796fb000 	C:\WINDOWS\System32\ucrtbase.dll
0x00007ffb65da0000 - 0x00007ffb65dbb000 	C:\Program Files\Java\jdk-20\bin\VCRUNTIME140.dll
0x00007ffb6d2a0000 - 0x00007ffb6d2b9000 	C:\Program Files\Java\jdk-20\bin\jli.dll
0x00007ffb7c080000 - 0x00007ffb7c133000 	C:\WINDOWS\System32\ADVAPI32.dll
0x00007ffb7acb0000 - 0x00007ffb7ad59000 	C:\WINDOWS\System32\msvcrt.dll
0x00007ffb7aa50000 - 0x00007ffb7aaf6000 	C:\WINDOWS\System32\sechost.dll
0x00007ffb7b810000 - 0x00007ffb7b925000 	C:\WINDOWS\System32\RPCRT4.dll
0x00007ffb7b190000 - 0x00007ffb7b35a000 	C:\WINDOWS\System32\USER32.dll
0x00007ffb79850000 - 0x00007ffb79877000 	C:\WINDOWS\System32\win32u.dll
0x00007ffb7ae10000 - 0x00007ffb7ae3b000 	C:\WINDOWS\System32\GDI32.dll
0x00007ffb5b860000 - 0x00007ffb5bafa000 	C:\WINDOWS\WinSxS\amd64_microsoft.windows.common-controls_6595b64144ccf1df_6.0.26100.4202_none_3e0698d4e335f517\COMCTL32.dll
0x00007ffb79dc0000 - 0x00007ffb79ef7000 	C:\WINDOWS\System32\gdi32full.dll
0x00007ffb79700000 - 0x00007ffb797a3000 	C:\WINDOWS\System32\msvcp_win.dll
0x00007ffb6cdb0000 - 0x00007ffb6cdbb000 	C:\WINDOWS\SYSTEM32\VERSION.dll
0x00007ffb7b3c0000 - 0x00007ffb7b3f0000 	C:\WINDOWS\System32\IMM32.DLL
0x00007ffb65d90000 - 0x00007ffb65d9c000 	C:\Program Files\Java\jdk-20\bin\vcruntime140_1.dll
0x00007ffb61cb0000 - 0x00007ffb61d3e000 	C:\Program Files\Java\jdk-20\bin\msvcp140.dll
0x00007ffb00fb0000 - 0x00007ffb01c48000 	C:\Program Files\Java\jdk-20\bin\server\jvm.dll
0x00007ffb6d450000 - 0x00007ffb6d485000 	C:\WINDOWS\SYSTEM32\WINMM.dll
0x00007ffb73c50000 - 0x00007ffb73c5a000 	C:\WINDOWS\SYSTEM32\WSOCK32.dll
0x00007ffb7aeb0000 - 0x00007ffb7af24000 	C:\WINDOWS\System32\WS2_32.dll
0x00007ffb78350000 - 0x00007ffb7836b000 	C:\WINDOWS\SYSTEM32\kernel.appcore.dll
0x00007ffb65be0000 - 0x00007ffb65bea000 	C:\Program Files\Java\jdk-20\bin\jimage.dll
0x00007ffb76b80000 - 0x00007ffb76dc1000 	C:\WINDOWS\SYSTEM32\DBGHELP.DLL
0x00007ffb7a200000 - 0x00007ffb7a585000 	C:\WINDOWS\System32\combase.dll
0x00007ffb7b720000 - 0x00007ffb7b801000 	C:\WINDOWS\System32\OLEAUT32.dll
0x00007ffb55a50000 - 0x00007ffb55a89000 	C:\WINDOWS\SYSTEM32\dbgcore.DLL
0x00007ffb797b0000 - 0x00007ffb79849000 	C:\WINDOWS\System32\bcryptPrimitives.dll
0x00007ffb61b90000 - 0x00007ffb61bb6000 	C:\Program Files\Java\jdk-20\bin\java.dll

dbghelp: loaded successfully - version: 4.0.5 - missing functions: none
symbol engine: initialized successfully - sym options: 0x614 - pdb path: .;C:\Program Files\Java\jdk-20\bin;C:\WINDOWS\SYSTEM32;C:\WINDOWS\WinSxS\amd64_microsoft.windows.common-controls_6595b64144ccf1df_6.0.26100.4202_none_3e0698d4e335f517;C:\Program Files\Java\jdk-20\bin\server

VM Arguments:
jvm_args: -Dfile.encoding=UTF-8 -XX:+ShowCodeDetailsInExceptionMessages 
java_command: Program1
java_class_path (initial): C:\Users\matam\eclipse-workspace\Project2\bin
Launcher Type: SUN_STANDARD

[Global flags]
     intx CICompilerCount                          = 4                                         {product} {ergonomic}
     uint ConcGCThreads                            = 2                                         {product} {ergonomic}
     uint G1ConcRefinementThreads                  = 8                                         {product} {ergonomic}
   size_t G1HeapRegionSize                         = 1048576                                   {product} {ergonomic}
    uintx GCDrainStackTargetSize                   = 64                                        {product} {ergonomic}
   size_t InitialHeapSize                          = 130023424                                 {product} {ergonomic}
   size_t MarkStackSize                            = 4194304                                   {product} {ergonomic}
   size_t MaxHeapSize                              = 2080374784                                {product} {ergonomic}
   size_t MinHeapDeltaBytes                        = 1048576                                   {product} {ergonomic}
   size_t MinHeapSize                              = 8388608                                   {product} {ergonomic}
    uintx NonNMethodCodeHeapSize                   = 5839372                                {pd product} {ergonomic}
    uintx NonProfiledCodeHeapSize                  = 122909434                              {pd product} {ergonomic}
    uintx ProfiledCodeHeapSize                     = 122909434                              {pd product} {ergonomic}
    uintx ReservedCodeCacheSize                    = 251658240                              {pd product} {ergonomic}
     bool SegmentedCodeCache                       = true                                      {product} {ergonomic}
     bool ShowCodeDetailsInExceptionMessages       = true                                   {manageable} {command line}
   size_t SoftMaxHeapSize                          = 2080374784                             {manageable} {ergonomic}
     bool UseCompressedClassPointers               = true                           {product lp64_product} {ergonomic}
     bool UseCompressedOops                        = true                           {product lp64_product} {ergonomic}
     bool UseG1GC                                  = true                                      {product} {ergonomic}
     bool UseLargePagesIndividualAllocation        = false                                  {pd product} {ergonomic}

Logging:
Log output configuration:
 #0: stdout all=warning uptime,level,tags foldmultilines=false
 #1: stderr all=off uptime,level,tags foldmultilines=false

Environment Variables:
JAVA_HOME=C:\Program Files\Java\jdk-19
PATH=C:/Program Files/Java/jdk-20/bin/server;C:/Program Files/Java/jdk-20/bin;C:\WINDOWS\system32;C:\WINDOWS;C:\WINDOWS\System32\Wbem;C:\WINDOWS\System32\WindowsPowerShell\v1.0\;C:\WINDOWS\System32\OpenSSH\;C:\Program Files\Java\jdk-19\bin;C:\Program Files\Common Files\Oracle\Java\javapath;C:\Program Files\Microsoft VS Code\bin;C:\Program Files\Git\cmd;C:\Program Files\HP\HP One Agent;%SystemRoot%\system32;%SystemRoot%;%SystemRoot%\System32\Wbem;%SYSTEMROOT%\System32\WindowsPowerShell\v1.0\;%SYSTEMROOT%\System32\OpenSSH\;C:\Program Files\MySQL\MySQL Shell 8.0\bin\;C:\Users\matam\AppData\Local\Microsoft\WindowsApps;;C:\Users\matam\eclipse\java-2023-03\eclipse;
USERNAME=matam
OS=Windows_NT
PROCESSOR_IDENTIFIER=Intel64 Family 6 Model 140 Stepping 1, GenuineIntel
TMP=C:\Users\matam\AppData\Local\Temp
TEMP=C:\Users\matam\AppData\Local\Temp




---------------  S Y S T E M  ---------------

OS:
 Windows 11 , 64 bit Build 26100 (10.0.26100.4202)
OS uptime: 11 days 12:57 hours
Hyper-V role detected

CPU: total 8 (initial active 8) (4 cores per cpu, 2 threads per core) family 6 model 140 stepping 1 microcode 0xac, cx8, cmov, fxsr, ht, mmx, 3dnowpref, sse, sse2, sse3, ssse3, sse4.1, sse4.2, popcnt, lzcnt, tsc, tscinvbit, avx, avx2, aes, erms, clmul, bmi1, bmi2, adx, avx512f, avx512dq, avx512cd, avx512bw, avx512vl, sha, fma, vzeroupper, avx512_vpopcntdq, avx512_vpclmulqdq, avx512_vaes, avx512_vnni, clflush, clflushopt, clwb, avx512_vbmi2, avx512_vbmi, hv, rdtscp, rdpid, fsrm, gfni, avx512_bitalg, f16c, cet_ibt, cet_ss, avx512_ifma

Memory: 4k page, system-wide physical 7932M (346M free)
TotalPageFile size 32508M (AvailPageFile size 159M)
current process WorkingSet (physical memory assigned to process): 12M, peak: 12M
current process commit charge ("private bytes"): 60M, peak: 184M

vm_info: Java HotSpot(TM) 64-Bit Server VM (20.0.2+9-78) for windows-amd64 JRE (20.0.2+9-78), built on 2023-06-14T10:08:48Z by "mach5one" with MS VC++ 17.1 (VS2022)

END.
